<?xml version="1.0" encoding="UTF-8"?>
<robot generator="Robot 5.0.1 (Python 3.10.7 on win32)" generated="20221030 16:37:23.856" rpa="false" schemaversion="3">
<suite id="s1" name="Test1" source="C:\Users\jolyn\IdeaProjects\TestBtube\BTube_testing\tests\test1.robot">
<kw name="Open My Website" library="basePage" type="SETUP">
<kw name="Open Browser" library="SeleniumLibrary">
<arg>${url}</arg>
<arg>${browser}</arg>
<doc>Opens a new browser instance to the optional ``url``.</doc>
<msg timestamp="20221030 16:37:25.140" level="INFO">Opening browser 'Google Chrome' to base url 'https://brightshopapp.herokuapp.com/#/'.</msg>
<status status="PASS" starttime="20221030 16:37:25.139" endtime="20221030 16:37:28.357"/>
</kw>
<status status="PASS" starttime="20221030 16:37:25.135" endtime="20221030 16:37:28.357"/>
</kw>
<test id="s1-t1" name="Log In With Account" line="19">
<kw name="Go To Signin Page" library="homePage">
<kw name="Sleep" library="BuiltIn">
<arg>5s</arg>
<doc>Pauses the test executed for the given time.</doc>
<msg timestamp="20221030 16:37:33.368" level="INFO">Slept 5 seconds</msg>
<status status="PASS" starttime="20221030 16:37:28.359" endtime="20221030 16:37:33.368"/>
</kw>
<kw name="Wait Until Element Is Visible" library="SeleniumLibrary">
<arg>${ELEMENT_THING}</arg>
<doc>Waits until the element ``locator`` is visible.</doc>
<status status="PASS" starttime="20221030 16:37:33.369" endtime="20221030 16:37:33.890"/>
</kw>
<kw name="Sleep" library="BuiltIn">
<arg>5s</arg>
<doc>Pauses the test executed for the given time.</doc>
<msg timestamp="20221030 16:37:38.904" level="INFO">Slept 5 seconds</msg>
<status status="PASS" starttime="20221030 16:37:33.890" endtime="20221030 16:37:38.904"/>
</kw>
<kw name="Click Element" library="SeleniumLibrary">
<arg>${ELEMENT_THING}</arg>
<doc>Click the element identified by ``locator``.</doc>
<msg timestamp="20221030 16:37:38.904" level="INFO">Clicking element 'xpath://div[@class='css-1idhddb']//div[1]'.</msg>
<status status="PASS" starttime="20221030 16:37:38.904" endtime="20221030 16:37:38.936"/>
</kw>
<kw name="Sleep" library="BuiltIn">
<arg>5s</arg>
<doc>Pauses the test executed for the given time.</doc>
<msg timestamp="20221030 16:37:43.952" level="INFO">Slept 5 seconds</msg>
<status status="PASS" starttime="20221030 16:37:38.936" endtime="20221030 16:37:43.953"/>
</kw>
<kw name="Wait Until Element Is Visible" library="SeleniumLibrary">
<arg>${SIGNIN_LNK}</arg>
<doc>Waits until the element ``locator`` is visible.</doc>
<status status="PASS" starttime="20221030 16:37:43.953" endtime="20221030 16:37:43.972"/>
</kw>
<kw name="Sleep" library="BuiltIn">
<arg>5s</arg>
<doc>Pauses the test executed for the given time.</doc>
<msg timestamp="20221030 16:37:48.982" level="INFO">Slept 5 seconds</msg>
<status status="PASS" starttime="20221030 16:37:43.972" endtime="20221030 16:37:48.983"/>
</kw>
<kw name="Click Element" library="SeleniumLibrary">
<arg>${SIGNIN_LNK}</arg>
<doc>Click the element identified by ``locator``.</doc>
<msg timestamp="20221030 16:37:48.984" level="INFO">Clicking element 'xpath://button[@id='SignInButton']'.</msg>
<status status="PASS" starttime="20221030 16:37:48.983" endtime="20221030 16:37:49.043"/>
</kw>
<kw name="Sleep" library="BuiltIn">
<arg>5s</arg>
<doc>Pauses the test executed for the given time.</doc>
<msg timestamp="20221030 16:37:54.058" level="INFO">Slept 5 seconds</msg>
<status status="PASS" starttime="20221030 16:37:49.043" endtime="20221030 16:37:54.058"/>
</kw>
<status status="PASS" starttime="20221030 16:37:28.358" endtime="20221030 16:37:54.058"/>
</kw>
<kw name="Log in with account" library="signIn">
<kw name="Go To Signin Page" library="homePage">
<kw name="Sleep" library="BuiltIn">
<arg>5s</arg>
<doc>Pauses the test executed for the given time.</doc>
<msg timestamp="20221030 16:37:59.065" level="INFO">Slept 5 seconds</msg>
<status status="PASS" starttime="20221030 16:37:54.059" endtime="20221030 16:37:59.066"/>
</kw>
<kw name="Wait Until Element Is Visible" library="SeleniumLibrary">
<arg>${ELEMENT_THING}</arg>
<doc>Waits until the element ``locator`` is visible.</doc>
<status status="PASS" starttime="20221030 16:37:59.066" endtime="20221030 16:37:59.080"/>
</kw>
<kw name="Sleep" library="BuiltIn">
<arg>5s</arg>
<doc>Pauses the test executed for the given time.</doc>
<msg timestamp="20221030 16:38:04.094" level="INFO">Slept 5 seconds</msg>
<status status="PASS" starttime="20221030 16:37:59.080" endtime="20221030 16:38:04.094"/>
</kw>
<kw name="Click Element" library="SeleniumLibrary">
<arg>${ELEMENT_THING}</arg>
<doc>Click the element identified by ``locator``.</doc>
<msg timestamp="20221030 16:38:04.096" level="INFO">Clicking element 'xpath://div[@class='css-1idhddb']//div[1]'.</msg>
<status status="PASS" starttime="20221030 16:38:04.095" endtime="20221030 16:38:04.122"/>
</kw>
<kw name="Sleep" library="BuiltIn">
<arg>5s</arg>
<doc>Pauses the test executed for the given time.</doc>
<msg timestamp="20221030 16:38:09.138" level="INFO">Slept 5 seconds</msg>
<status status="PASS" starttime="20221030 16:38:04.123" endtime="20221030 16:38:09.139"/>
</kw>
<kw name="Wait Until Element Is Visible" library="SeleniumLibrary">
<arg>${SIGNIN_LNK}</arg>
<doc>Waits until the element ``locator`` is visible.</doc>
<status status="PASS" starttime="20221030 16:38:09.140" endtime="20221030 16:38:09.154"/>
</kw>
<kw name="Sleep" library="BuiltIn">
<arg>5s</arg>
<doc>Pauses the test executed for the given time.</doc>
<msg timestamp="20221030 16:38:14.163" level="INFO">Slept 5 seconds</msg>
<status status="PASS" starttime="20221030 16:38:09.154" endtime="20221030 16:38:14.163"/>
</kw>
<kw name="Click Element" library="SeleniumLibrary">
<arg>${SIGNIN_LNK}</arg>
<doc>Click the element identified by ``locator``.</doc>
<msg timestamp="20221030 16:38:14.163" level="INFO">Clicking element 'xpath://button[@id='SignInButton']'.</msg>
<status status="PASS" starttime="20221030 16:38:14.163" endtime="20221030 16:38:14.187"/>
</kw>
<kw name="Sleep" library="BuiltIn">
<arg>5s</arg>
<doc>Pauses the test executed for the given time.</doc>
<msg timestamp="20221030 16:38:19.201" level="INFO">Slept 5 seconds</msg>
<status status="PASS" starttime="20221030 16:38:14.188" endtime="20221030 16:38:19.202"/>
</kw>
<status status="PASS" starttime="20221030 16:37:54.059" endtime="20221030 16:38:19.203"/>
</kw>
<kw name="Sleep" library="BuiltIn">
<arg>1s</arg>
<doc>Pauses the test executed for the given time.</doc>
<msg timestamp="20221030 16:38:20.206" level="INFO">Slept 1 second</msg>
<status status="PASS" starttime="20221030 16:38:19.203" endtime="20221030 16:38:20.207"/>
</kw>
<kw name="Input Text" library="SeleniumLibrary">
<arg>${EMAIL_LOGIN_TXT}</arg>
<arg>${emailadres}</arg>
<doc>Types the given ``text`` into the text field identified by ``locator``.</doc>
<msg timestamp="20221030 16:38:20.208" level="INFO">Typing text 'jolynn.cuylle@gmail.com' into text field 'xpath://input[@id='SignInEmail']'.</msg>
<status status="PASS" starttime="20221030 16:38:20.207" endtime="20221030 16:38:20.286"/>
</kw>
<kw name="Sleep" library="BuiltIn">
<arg>1s</arg>
<doc>Pauses the test executed for the given time.</doc>
<msg timestamp="20221030 16:38:21.299" level="INFO">Slept 1 second</msg>
<status status="PASS" starttime="20221030 16:38:20.286" endtime="20221030 16:38:21.299"/>
</kw>
<kw name="Input Text" library="SeleniumLibrary">
<arg>${PASSWORD_LOGIN_TXT}</arg>
<arg>${password}</arg>
<doc>Types the given ``text`` into the text field identified by ``locator``.</doc>
<msg timestamp="20221030 16:38:21.300" level="INFO">Typing text 'P@ssW0rd01' into text field 'xpath://input[@id='SignInPassword']'.</msg>
<status status="PASS" starttime="20221030 16:38:21.299" endtime="20221030 16:38:21.383"/>
</kw>
<kw name="Sleep" library="BuiltIn">
<arg>1s</arg>
<doc>Pauses the test executed for the given time.</doc>
<msg timestamp="20221030 16:38:22.393" level="INFO">Slept 1 second</msg>
<status status="PASS" starttime="20221030 16:38:21.384" endtime="20221030 16:38:22.394"/>
</kw>
<kw name="Click Element" library="SeleniumLibrary">
<arg>${LOGIN_BTN}</arg>
<doc>Click the element identified by ``locator``.</doc>
<msg timestamp="20221030 16:38:22.394" level="INFO">Clicking element 'xpath://*[@id="SignInButtonComplete"]'.</msg>
<status status="PASS" starttime="20221030 16:38:22.394" endtime="20221030 16:38:22.430"/>
</kw>
<kw name="Sleep" library="BuiltIn">
<arg>1s</arg>
<doc>Pauses the test executed for the given time.</doc>
<msg timestamp="20221030 16:38:23.445" level="INFO">Slept 1 second</msg>
<status status="PASS" starttime="20221030 16:38:22.431" endtime="20221030 16:38:23.445"/>
</kw>
<status status="PASS" starttime="20221030 16:37:54.058" endtime="20221030 16:38:23.446"/>
</kw>
<kw name="Location Should Be" library="SeleniumLibrary">
<arg>https://brightshopapp.herokuapp.com/#/</arg>
<doc>Verifies that the current URL is exactly ``url``.</doc>
<msg timestamp="20221030 16:38:23.451" level="INFO">Current location is 'https://brightshopapp.herokuapp.com/#/'.</msg>
<status status="PASS" starttime="20221030 16:38:23.446" endtime="20221030 16:38:23.451"/>
</kw>
<status status="PASS" starttime="20221030 16:37:28.357" endtime="20221030 16:38:23.451"/>
</test>
<kw name="Close Browser" library="SeleniumLibrary" type="TEARDOWN">
<doc>Closes the current browser.</doc>
<status status="PASS" starttime="20221030 16:38:23.452" endtime="20221030 16:38:25.608"/>
</kw>
<status status="PASS" starttime="20221030 16:37:23.859" endtime="20221030 16:38:25.608"/>
</suite>
<statistics>
<total>
<stat pass="1" fail="0" skip="0">All Tests</stat>
</total>
<tag>
</tag>
<suite>
<stat pass="1" fail="0" skip="0" id="s1" name="Test1">Test1</stat>
</suite>
</statistics>
<errors>
<msg timestamp="20221030 16:37:25.128" level="ERROR">Error in file 'C:\Users\jolyn\IdeaProjects\TestBtube\BTube_testing\pageObjects\signIn.robot' on line 4: Setting 'Force Tags' is not allowed in resource file.</msg>
</errors>
</robot>
