<?xml version="1.0" encoding="UTF-8"?>
<robot generator="Robot 5.0.1 (Python 3.10.7 on win32)" generated="20221016 13:12:38.923" rpa="false" schemaversion="3">
<suite id="s1" name="Test1" source="C:\Users\jolyn\IdeaProjects\TestBtube\BTube_testing\tests\Test1.robot">
<kw name="Open My Website" library="basePage" type="SETUP">
<kw name="Open Browser" library="SeleniumLibrary">
<arg>${url}</arg>
<arg>${browser}</arg>
<doc>Opens a new browser instance to the optional ``url``.</doc>
<msg timestamp="20221016 13:12:39.280" level="INFO">Opening browser 'Google Chrome' to base url 'https://brightshopapp.herokuapp.com/#/'.</msg>
<status status="PASS" starttime="20221016 13:12:39.280" endtime="20221016 13:12:41.258"/>
</kw>
<status status="PASS" starttime="20221016 13:12:39.279" endtime="20221016 13:12:41.259"/>
</kw>
<test id="s1-t1" name="Een profiel toon de correcte voor- en achternaam" line="15">
<kw name="Go To Signin Page" library="homePage" type="SETUP">
<kw name="Sleep" library="BuiltIn">
<arg>5s</arg>
<doc>Pauses the test executed for the given time.</doc>
<msg timestamp="20221016 13:12:46.276" level="INFO">Slept 5 seconds</msg>
<status status="PASS" starttime="20221016 13:12:41.261" endtime="20221016 13:12:46.278"/>
</kw>
<kw name="Wait Until Element Is Visible" library="SeleniumLibrary">
<arg>${ELEMENT_THING}</arg>
<doc>Waits until the element ``locator`` is visible.</doc>
<status status="PASS" starttime="20221016 13:12:46.278" endtime="20221016 13:12:46.642"/>
</kw>
<kw name="Sleep" library="BuiltIn">
<arg>5s</arg>
<doc>Pauses the test executed for the given time.</doc>
<msg timestamp="20221016 13:12:51.651" level="INFO">Slept 5 seconds</msg>
<status status="PASS" starttime="20221016 13:12:46.643" endtime="20221016 13:12:51.651"/>
</kw>
<kw name="Click Element" library="SeleniumLibrary">
<arg>${ELEMENT_THING}</arg>
<doc>Click the element identified by ``locator``.</doc>
<msg timestamp="20221016 13:12:51.655" level="INFO">Clicking element 'xpath://div[@class='css-1idhddb']//div[1]'.</msg>
<status status="PASS" starttime="20221016 13:12:51.655" endtime="20221016 13:12:51.715"/>
</kw>
<kw name="Sleep" library="BuiltIn">
<arg>5s</arg>
<doc>Pauses the test executed for the given time.</doc>
<msg timestamp="20221016 13:12:56.719" level="INFO">Slept 5 seconds</msg>
<status status="PASS" starttime="20221016 13:12:51.715" endtime="20221016 13:12:56.719"/>
</kw>
<kw name="Wait Until Element Is Visible" library="SeleniumLibrary">
<arg>${SIGNIN_LNK}</arg>
<doc>Waits until the element ``locator`` is visible.</doc>
<status status="PASS" starttime="20221016 13:12:56.720" endtime="20221016 13:12:56.745"/>
</kw>
<kw name="Sleep" library="BuiltIn">
<arg>5s</arg>
<doc>Pauses the test executed for the given time.</doc>
<msg timestamp="20221016 13:13:01.756" level="INFO">Slept 5 seconds</msg>
<status status="PASS" starttime="20221016 13:12:56.746" endtime="20221016 13:13:01.756"/>
</kw>
<kw name="Click Element" library="SeleniumLibrary">
<arg>${SIGNIN_LNK}</arg>
<doc>Click the element identified by ``locator``.</doc>
<msg timestamp="20221016 13:13:01.757" level="INFO">Clicking element 'xpath://button[@id='SignInButton']'.</msg>
<status status="PASS" starttime="20221016 13:13:01.756" endtime="20221016 13:13:01.877"/>
</kw>
<kw name="Sleep" library="BuiltIn">
<arg>5s</arg>
<doc>Pauses the test executed for the given time.</doc>
<msg timestamp="20221016 13:13:06.888" level="INFO">Slept 5 seconds</msg>
<status status="PASS" starttime="20221016 13:13:01.877" endtime="20221016 13:13:06.888"/>
</kw>
<status status="PASS" starttime="20221016 13:12:41.260" endtime="20221016 13:13:06.889"/>
</kw>
<kw name="Log in with account" library="signIn">
<kw name="Sleep" library="BuiltIn">
<arg>5s</arg>
<doc>Pauses the test executed for the given time.</doc>
<msg timestamp="20221016 13:13:11.895" level="INFO">Slept 5 seconds</msg>
<status status="PASS" starttime="20221016 13:13:06.890" endtime="20221016 13:13:11.895"/>
</kw>
<kw name="Input Text" library="SeleniumLibrary">
<arg>${EMAIL_LOGIN_TXT}</arg>
<arg>${emailadres}</arg>
<doc>Types the given ``text`` into the text field identified by ``locator``.</doc>
<msg timestamp="20221016 13:13:11.896" level="INFO">Typing text 'jolynn.cuylle@gmail.com' into text field 'xpath://input[@id='SignInEmail']'.</msg>
<status status="PASS" starttime="20221016 13:13:11.895" endtime="20221016 13:13:12.043"/>
</kw>
<kw name="Sleep" library="BuiltIn">
<arg>5s</arg>
<doc>Pauses the test executed for the given time.</doc>
<msg timestamp="20221016 13:13:17.058" level="INFO">Slept 5 seconds</msg>
<status status="PASS" starttime="20221016 13:13:12.043" endtime="20221016 13:13:17.059"/>
</kw>
<kw name="Input Text" library="SeleniumLibrary">
<arg>${PASSWORD_LOGIN_TXT}</arg>
<arg>${password}</arg>
<doc>Types the given ``text`` into the text field identified by ``locator``.</doc>
<msg timestamp="20221016 13:13:17.060" level="INFO">Typing text 'P@ssW0rd01' into text field 'xpath://input[@id='SignInPassword']'.</msg>
<status status="PASS" starttime="20221016 13:13:17.059" endtime="20221016 13:13:17.180"/>
</kw>
<kw name="Sleep" library="BuiltIn">
<arg>5s</arg>
<doc>Pauses the test executed for the given time.</doc>
<msg timestamp="20221016 13:13:22.187" level="INFO">Slept 5 seconds</msg>
<status status="PASS" starttime="20221016 13:13:17.180" endtime="20221016 13:13:22.187"/>
</kw>
<kw name="Click Element" library="SeleniumLibrary">
<arg>${LOGIN_BTN}</arg>
<doc>Click the element identified by ``locator``.</doc>
<msg timestamp="20221016 13:13:22.188" level="INFO">Clicking element 'xpath://button[@id='SignInButtonComplete']'.</msg>
<status status="PASS" starttime="20221016 13:13:22.187" endtime="20221016 13:13:22.408"/>
</kw>
<kw name="Sleep" library="BuiltIn">
<arg>5s</arg>
<doc>Pauses the test executed for the given time.</doc>
<msg timestamp="20221016 13:13:27.410" level="INFO">Slept 5 seconds</msg>
<status status="PASS" starttime="20221016 13:13:22.409" endtime="20221016 13:13:27.410"/>
</kw>
<status status="PASS" starttime="20221016 13:13:06.889" endtime="20221016 13:13:27.410"/>
</kw>
<kw name="Sleep" library="BuiltIn">
<arg>5s</arg>
<doc>Pauses the test executed for the given time.</doc>
<msg timestamp="20221016 13:13:32.416" level="INFO">Slept 5 seconds</msg>
<status status="PASS" starttime="20221016 13:13:27.411" endtime="20221016 13:13:32.416"/>
</kw>
<kw name="Go To Profile">
<msg timestamp="20221016 13:13:32.423" level="FAIL">No keyword with name 'Go To Profile' found. Did you try using keyword 'SeleniumLibrary.Go To' and forgot to use enough whitespace between keyword and arguments?</msg>
<status status="FAIL" starttime="20221016 13:13:32.423" endtime="20221016 13:13:32.423"/>
</kw>
<kw name="Sleep" library="BuiltIn">
<arg>5s</arg>
<doc>Pauses the test executed for the given time.</doc>
<status status="NOT RUN" starttime="20221016 13:13:32.424" endtime="20221016 13:13:32.424"/>
</kw>
<status status="FAIL" starttime="20221016 13:12:41.259" endtime="20221016 13:13:32.425">No keyword with name 'Go To Profile' found. Did you try using keyword 'SeleniumLibrary.Go To' and forgot to use enough whitespace between keyword and arguments?</status>
</test>
<kw name="Close Browser" library="SeleniumLibrary" type="TEARDOWN">
<doc>Closes the current browser.</doc>
<status status="PASS" starttime="20221016 13:13:32.427" endtime="20221016 13:13:34.770"/>
</kw>
<status status="FAIL" starttime="20221016 13:12:38.925" endtime="20221016 13:13:34.770"/>
</suite>
<statistics>
<total>
<stat pass="0" fail="1" skip="0">All Tests</stat>
</total>
<tag>
</tag>
<suite>
<stat pass="0" fail="1" skip="0" id="s1" name="Test1">Test1</stat>
</suite>
</statistics>
<errors>
<msg timestamp="20221016 13:12:38.916" level="ERROR">Error in file 'C:\Users\jolyn\IdeaProjects\TestBtube\BTube_testing\tests\Test1.robot' on line 5: Non-existing setting 'Recource'. Did you mean:
    Resource</msg>
<msg timestamp="20221016 13:12:39.274" level="ERROR">Error in file 'C:\Users\jolyn\IdeaProjects\TestBtube\BTube_testing\pageObjects\signIn.robot' on line 4: Setting 'Force Tags' is not allowed in resource file.</msg>
<msg timestamp="20221016 13:12:39.276" level="ERROR">Error in file 'C:\Users\jolyn\IdeaProjects\TestBtube\BTube_testing\pageObjects\signIn.robot' on line 3: Resource file '..\CommonResource.robot' does not exist.</msg>
</errors>
</robot>
